<?xml version="1.0" encoding="UTF-8"?>
<testng-results skipped="0" failed="0" ignored="0" total="1" passed="1">
  <reporter-output>
  </reporter-output>
  <suite name="testCase.xlsx" duration-ms="12071" started-at="2019-05-15T06:32:40Z" finished-at="2019-05-15T06:32:52Z">
    <groups>
    </groups>
    <test name="SEARCHING_01" duration-ms="12071" started-at="2019-05-15T06:32:40Z" finished-at="2019-05-15T06:32:52Z">
      <class name="com.aaa.olb.automation.util.TestClass">
        <test-method status="PASS" signature="beforeSuite()[pri:0, instance:com.aaa.olb.automation.util.TestClass@6ac13091]" name="beforeSuite" is-config="true" duration-ms="12" started-at="2019-05-15T14:32:40Z" finished-at="2019-05-15T14:32:40Z">
          <reporter-output>
          </reporter-output>
        </test-method> <!-- beforeSuite -->
        <test-method status="PASS" signature="beforeClass()[pri:0, instance:com.aaa.olb.automation.util.TestClass@6ac13091]" name="beforeClass" is-config="true" duration-ms="1" started-at="2019-05-15T14:32:40Z" finished-at="2019-05-15T14:32:40Z">
          <reporter-output>
          </reporter-output>
        </test-method> <!-- beforeClass -->
        <test-method status="PASS" signature="init(java.lang.String, java.lang.String, java.lang.String)[pri:0, instance:com.aaa.olb.automation.util.TestClass@6ac13091]" name="init" is-config="true" duration-ms="6133" started-at="2019-05-15T14:32:40Z" finished-at="2019-05-15T14:32:46Z">
          <params>
            <param index="0">
              <value>
                <![CDATA[0]]>
              </value>
            </param>
            <param index="1">
              <value>
                <![CDATA[testCase.xlsx]]>
              </value>
            </param>
            <param index="2">
              <value>
                <![CDATA[SEARCHING_01]]>
              </value>
            </param>
          </params>
          <reporter-output>
          </reporter-output>
        </test-method> <!-- init -->
        <test-method status="PASS" signature="testMethod()[pri:0, instance:com.aaa.olb.automation.util.TestClass@6ac13091]" name="testMethod" duration-ms="3559" started-at="2019-05-15T14:32:46Z" finished-at="2019-05-15T14:32:49Z">
          <reporter-output>
          </reporter-output>
        </test-method> <!-- testMethod -->
        <test-method status="PASS" signature="beforeMethod()[pri:0, instance:com.aaa.olb.automation.util.TestClass@6ac13091]" name="beforeMethod" is-config="true" duration-ms="0" started-at="2019-05-15T14:32:46Z" finished-at="2019-05-15T14:32:46Z">
          <reporter-output>
          </reporter-output>
        </test-method> <!-- beforeMethod -->
        <test-method status="PASS" signature="clear()[pri:0, instance:com.aaa.olb.automation.util.TestClass@6ac13091]" name="clear" is-config="true" duration-ms="2363" started-at="2019-05-15T14:32:49Z" finished-at="2019-05-15T14:32:52Z">
          <reporter-output>
          </reporter-output>
        </test-method> <!-- clear -->
      </class> <!-- com.aaa.olb.automation.util.TestClass -->
    </test> <!-- SEARCHING_01 -->
  </suite> <!-- testCase.xlsx -->
</testng-results>
